
*** Running vivado
    with args -log design_1_xlconstant_0_1.vds -m64 -product Vivado -mode batch -messageDb vivado.pb -notrace -source design_1_xlconstant_0_1.tcl


****** Vivado v2016.4 (64-bit)
  **** SW Build 1756540 on Mon Jan 23 19:11:19 MST 2017
  **** IP Build 1755317 on Mon Jan 23 20:30:07 MST 2017
    ** Copyright 1986-2016 Xilinx, Inc. All Rights Reserved.

source design_1_xlconstant_0_1.tcl -notrace
Starting RTL Elaboration : Time (s): cpu = 00:00:05 ; elapsed = 00:00:06 . Memory (MB): peak = 1170.355 ; gain = 234.977 ; free physical = 8737 ; free virtual = 27880
INFO: [Synth 8-638] synthesizing module 'design_1_xlconstant_0_1' [/home/yamaguchi/CPU-Emperor/Emperor-core/Emperor-core.srcs/sources_1/bd/design_1/ip/design_1_xlconstant_0_1/sim/design_1_xlconstant_0_1.v:56]
INFO: [Synth 8-638] synthesizing module 'xlconstant' [/home/yamaguchi/CPU-Emperor/Emperor-core/Emperor-core.srcs/sources_1/bd/design_1/ipshared/e147/xlconstant.v:23]
INFO: [Synth 8-256] done synthesizing module 'xlconstant' (1#1) [/home/yamaguchi/CPU-Emperor/Emperor-core/Emperor-core.srcs/sources_1/bd/design_1/ipshared/e147/xlconstant.v:23]
INFO: [Synth 8-256] done synthesizing module 'design_1_xlconstant_0_1' (2#1) [/home/yamaguchi/CPU-Emperor/Emperor-core/Emperor-core.srcs/sources_1/bd/design_1/ip/design_1_xlconstant_0_1/sim/design_1_xlconstant_0_1.v:56]
Finished RTL Elaboration : Time (s): cpu = 00:00:06 ; elapsed = 00:00:06 . Memory (MB): peak = 1210.832 ; gain = 275.453 ; free physical = 8695 ; free virtual = 27838
Finished RTL Optimization Phase 1 : Time (s): cpu = 00:00:06 ; elapsed = 00:00:06 . Memory (MB): peak = 1210.832 ; gain = 275.453 ; free physical = 8695 ; free virtual = 27838
INFO: [Device 21-403] Loading part xcku040-ffva1156-2-e
Constraint Validation Runtime : Time (s): cpu = 00:00:00.01 ; elapsed = 00:00:00.01 . Memory (MB): peak = 1565.133 ; gain = 1.000 ; free physical = 8374 ; free virtual = 27517
Finished Constraint Validation : Time (s): cpu = 00:00:13 ; elapsed = 00:00:14 . Memory (MB): peak = 1565.133 ; gain = 629.754 ; free physical = 8371 ; free virtual = 27514
Finished Loading Part and Timing Information : Time (s): cpu = 00:00:13 ; elapsed = 00:00:14 . Memory (MB): peak = 1565.133 ; gain = 629.754 ; free physical = 8371 ; free virtual = 27514
Finished applying 'set_property' XDC Constraints : Time (s): cpu = 00:00:13 ; elapsed = 00:00:14 . Memory (MB): peak = 1565.133 ; gain = 629.754 ; free physical = 8371 ; free virtual = 27514
Finished RTL Optimization Phase 2 : Time (s): cpu = 00:00:13 ; elapsed = 00:00:14 . Memory (MB): peak = 1565.133 ; gain = 629.754 ; free physical = 8371 ; free virtual = 27514
Finished Cross Boundary and Area Optimization : Time (s): cpu = 00:00:14 ; elapsed = 00:00:14 . Memory (MB): peak = 1565.133 ; gain = 629.754 ; free physical = 8371 ; free virtual = 27514
Finished Applying XDC Timing Constraints : Time (s): cpu = 00:00:20 ; elapsed = 00:00:21 . Memory (MB): peak = 1820.555 ; gain = 885.176 ; free physical = 8105 ; free virtual = 27248
Finished Timing Optimization : Time (s): cpu = 00:00:20 ; elapsed = 00:00:21 . Memory (MB): peak = 1820.555 ; gain = 885.176 ; free physical = 8105 ; free virtual = 27248
Finished Technology Mapping : Time (s): cpu = 00:00:20 ; elapsed = 00:00:21 . Memory (MB): peak = 1830.566 ; gain = 895.188 ; free physical = 8096 ; free virtual = 27239
Finished IO Insertion : Time (s): cpu = 00:00:21 ; elapsed = 00:00:21 . Memory (MB): peak = 1830.570 ; gain = 895.191 ; free physical = 8096 ; free virtual = 27239
Finished Renaming Generated Instances : Time (s): cpu = 00:00:21 ; elapsed = 00:00:21 . Memory (MB): peak = 1830.570 ; gain = 895.191 ; free physical = 8096 ; free virtual = 27239
Finished Rebuilding User Hierarchy : Time (s): cpu = 00:00:21 ; elapsed = 00:00:21 . Memory (MB): peak = 1830.570 ; gain = 895.191 ; free physical = 8096 ; free virtual = 27239
Finished Renaming Generated Ports : Time (s): cpu = 00:00:21 ; elapsed = 00:00:21 . Memory (MB): peak = 1830.570 ; gain = 895.191 ; free physical = 8096 ; free virtual = 27239
Finished Handling Custom Attributes : Time (s): cpu = 00:00:21 ; elapsed = 00:00:21 . Memory (MB): peak = 1830.570 ; gain = 895.191 ; free physical = 8096 ; free virtual = 27239
Finished Renaming Generated Nets : Time (s): cpu = 00:00:21 ; elapsed = 00:00:21 . Memory (MB): peak = 1830.570 ; gain = 895.191 ; free physical = 8096 ; free virtual = 27239

Report Cell Usage: 
+-+-----+------+
| |Cell |Count |
+-+-----+------+
+-+-----+------+
Finished Writing Synthesis Report : Time (s): cpu = 00:00:21 ; elapsed = 00:00:21 . Memory (MB): peak = 1830.570 ; gain = 895.191 ; free physical = 8096 ; free virtual = 27239
synth_design: Time (s): cpu = 00:00:20 ; elapsed = 00:00:20 . Memory (MB): peak = 1862.117 ; gain = 811.227 ; free physical = 8069 ; free virtual = 27213
