
*** Running vivado
    with args -log design_1_floating_point_0_3.vds -m64 -product Vivado -mode batch -messageDb vivado.pb -notrace -source design_1_floating_point_0_3.tcl


****** Vivado v2016.4 (64-bit)
  **** SW Build 1756540 on Mon Jan 23 19:11:19 MST 2017
  **** IP Build 1755317 on Mon Jan 23 20:30:07 MST 2017
    ** Copyright 1986-2016 Xilinx, Inc. All Rights Reserved.

source design_1_floating_point_0_3.tcl -notrace
Starting RTL Elaboration : Time (s): cpu = 00:00:06 ; elapsed = 00:00:06 . Memory (MB): peak = 1172.355 ; gain = 236.980 ; free physical = 10188 ; free virtual = 28759
INFO: [Synth 8-638] synthesizing module 'design_1_floating_point_0_3' [/home/yamaguchi/CPU-Emperor/Emperor-core/Emperor-core.srcs/sources_1/bd/design_1/ip/design_1_floating_point_0_3/synth/design_1_floating_point_0_3.vhd:75]
INFO: [Synth 8-256] done synthesizing module 'design_1_floating_point_0_3' (15#1) [/home/yamaguchi/CPU-Emperor/Emperor-core/Emperor-core.srcs/sources_1/bd/design_1/ip/design_1_floating_point_0_3/synth/design_1_floating_point_0_3.vhd:75]
Finished RTL Elaboration : Time (s): cpu = 00:00:09 ; elapsed = 00:00:10 . Memory (MB): peak = 1259.828 ; gain = 324.453 ; free physical = 10147 ; free virtual = 28657
Finished RTL Optimization Phase 1 : Time (s): cpu = 00:00:10 ; elapsed = 00:00:10 . Memory (MB): peak = 1259.828 ; gain = 324.453 ; free physical = 10146 ; free virtual = 28655
INFO: [Device 21-403] Loading part xcku040-ffva1156-2-e
Constraint Validation Runtime : Time (s): cpu = 00:00:00.08 ; elapsed = 00:00:00.05 . Memory (MB): peak = 1686.449 ; gain = 0.004 ; free physical = 9543 ; free virtual = 28066
Finished Constraint Validation : Time (s): cpu = 00:00:19 ; elapsed = 00:00:19 . Memory (MB): peak = 1686.449 ; gain = 751.074 ; free physical = 9458 ; free virtual = 27972
Finished Loading Part and Timing Information : Time (s): cpu = 00:00:19 ; elapsed = 00:00:19 . Memory (MB): peak = 1686.449 ; gain = 751.074 ; free physical = 9458 ; free virtual = 27972
Finished applying 'set_property' XDC Constraints : Time (s): cpu = 00:00:19 ; elapsed = 00:00:19 . Memory (MB): peak = 1686.449 ; gain = 751.074 ; free physical = 9458 ; free virtual = 27971
Finished RTL Optimization Phase 2 : Time (s): cpu = 00:00:20 ; elapsed = 00:00:20 . Memory (MB): peak = 1686.449 ; gain = 751.074 ; free physical = 9362 ; free virtual = 27905
Finished Cross Boundary and Area Optimization : Time (s): cpu = 00:00:21 ; elapsed = 00:00:22 . Memory (MB): peak = 1686.453 ; gain = 751.078 ; free physical = 9338 ; free virtual = 27876
Finished Applying XDC Timing Constraints : Time (s): cpu = 00:00:29 ; elapsed = 00:00:30 . Memory (MB): peak = 1851.543 ; gain = 916.168 ; free physical = 8696 ; free virtual = 27249
Finished Timing Optimization : Time (s): cpu = 00:00:30 ; elapsed = 00:00:30 . Memory (MB): peak = 1865.555 ; gain = 930.180 ; free physical = 8708 ; free virtual = 27238
Finished Technology Mapping : Time (s): cpu = 00:00:30 ; elapsed = 00:00:31 . Memory (MB): peak = 1879.625 ; gain = 944.250 ; free physical = 8695 ; free virtual = 27224
Finished IO Insertion : Time (s): cpu = 00:00:31 ; elapsed = 00:00:32 . Memory (MB): peak = 1879.629 ; gain = 944.254 ; free physical = 8696 ; free virtual = 27222
Finished Renaming Generated Instances : Time (s): cpu = 00:00:31 ; elapsed = 00:00:32 . Memory (MB): peak = 1879.629 ; gain = 944.254 ; free physical = 8696 ; free virtual = 27222
Finished Rebuilding User Hierarchy : Time (s): cpu = 00:00:31 ; elapsed = 00:00:32 . Memory (MB): peak = 1879.629 ; gain = 944.254 ; free physical = 8693 ; free virtual = 27221
Finished Renaming Generated Ports : Time (s): cpu = 00:00:31 ; elapsed = 00:00:32 . Memory (MB): peak = 1879.629 ; gain = 944.254 ; free physical = 8693 ; free virtual = 27221
Finished Handling Custom Attributes : Time (s): cpu = 00:00:31 ; elapsed = 00:00:32 . Memory (MB): peak = 1879.629 ; gain = 944.254 ; free physical = 8690 ; free virtual = 27219
Finished Renaming Generated Nets : Time (s): cpu = 00:00:31 ; elapsed = 00:00:32 . Memory (MB): peak = 1879.629 ; gain = 944.254 ; free physical = 8689 ; free virtual = 27218

Report Cell Usage: 
+------+--------+------+
|      |Cell    |Count |
+------+--------+------+
|1     |CARRY8  |     2|
|2     |LUT1    |     3|
|3     |LUT2    |   123|
|4     |LUT3    |   667|
|5     |LUT4    |    18|
|6     |LUT5    |    13|
|7     |LUT6    |    23|
|8     |MUXCY   |   658|
|9     |SRL16E  |    15|
|10    |SRLC32E |    21|
|11    |XORCY   |   683|
|12    |FDE     |     1|
|13    |FDRE    |  1547|
+------+--------+------+
Finished Writing Synthesis Report : Time (s): cpu = 00:00:31 ; elapsed = 00:00:32 . Memory (MB): peak = 1879.629 ; gain = 944.254 ; free physical = 8689 ; free virtual = 27218
synth_design: Time (s): cpu = 00:00:32 ; elapsed = 00:00:32 . Memory (MB): peak = 1906.629 ; gain = 854.742 ; free physical = 8657 ; free virtual = 27186
