
*** Running vivado
    with args -log design_1_blk_mem_gen_0_0.vds -m64 -product Vivado -mode batch -messageDb vivado.pb -notrace -source design_1_blk_mem_gen_0_0.tcl


****** Vivado v2016.4 (64-bit)
  **** SW Build 1756540 on Mon Jan 23 19:11:19 MST 2017
  **** IP Build 1755317 on Mon Jan 23 20:30:07 MST 2017
    ** Copyright 1986-2016 Xilinx, Inc. All Rights Reserved.

source design_1_blk_mem_gen_0_0.tcl -notrace
Starting RTL Elaboration : Time (s): cpu = 00:00:06 ; elapsed = 00:00:06 . Memory (MB): peak = 1174.352 ; gain = 238.980 ; free physical = 6929 ; free virtual = 26911
INFO: [Synth 8-638] synthesizing module 'design_1_blk_mem_gen_0_0' [/home/yamaguchi/CPU-Emperor/Emperor-core/Emperor-core.srcs/sources_1/bd/design_1/ip/design_1_blk_mem_gen_0_0_1/synth/design_1_blk_mem_gen_0_0.vhd:69]
INFO: [Synth 8-256] done synthesizing module 'design_1_blk_mem_gen_0_0' (11#1) [/home/yamaguchi/CPU-Emperor/Emperor-core/Emperor-core.srcs/sources_1/bd/design_1/ip/design_1_blk_mem_gen_0_0_1/synth/design_1_blk_mem_gen_0_0.vhd:69]
Finished RTL Elaboration : Time (s): cpu = 00:01:10 ; elapsed = 00:01:10 . Memory (MB): peak = 1397.348 ; gain = 461.977 ; free physical = 6045 ; free virtual = 26031
Finished RTL Optimization Phase 1 : Time (s): cpu = 00:01:10 ; elapsed = 00:01:10 . Memory (MB): peak = 1397.348 ; gain = 461.977 ; free physical = 6045 ; free virtual = 26031
INFO: [Device 21-403] Loading part xcku040-ffva1156-2-e
Constraint Validation Runtime : Time (s): cpu = 00:00:00.04 ; elapsed = 00:00:00.04 . Memory (MB): peak = 1705.750 ; gain = 0.004 ; free physical = 6826 ; free virtual = 26814
Finished Constraint Validation : Time (s): cpu = 00:01:18 ; elapsed = 00:01:19 . Memory (MB): peak = 1705.750 ; gain = 770.379 ; free physical = 6826 ; free virtual = 26812
Finished Loading Part and Timing Information : Time (s): cpu = 00:01:18 ; elapsed = 00:01:19 . Memory (MB): peak = 1705.750 ; gain = 770.379 ; free physical = 6826 ; free virtual = 26812
Finished applying 'set_property' XDC Constraints : Time (s): cpu = 00:01:18 ; elapsed = 00:01:19 . Memory (MB): peak = 1705.750 ; gain = 770.379 ; free physical = 6826 ; free virtual = 26812
Finished RTL Optimization Phase 2 : Time (s): cpu = 00:01:19 ; elapsed = 00:01:20 . Memory (MB): peak = 1705.750 ; gain = 770.379 ; free physical = 6812 ; free virtual = 26799
Finished Cross Boundary and Area Optimization : Time (s): cpu = 00:01:19 ; elapsed = 00:01:20 . Memory (MB): peak = 1705.754 ; gain = 770.383 ; free physical = 6796 ; free virtual = 26782
Finished Applying XDC Timing Constraints : Time (s): cpu = 00:01:26 ; elapsed = 00:01:27 . Memory (MB): peak = 1896.840 ; gain = 961.469 ; free physical = 6554 ; free virtual = 26540
Finished Timing Optimization : Time (s): cpu = 00:01:26 ; elapsed = 00:01:27 . Memory (MB): peak = 1899.840 ; gain = 964.469 ; free physical = 6551 ; free virtual = 26538
Finished Technology Mapping : Time (s): cpu = 00:01:26 ; elapsed = 00:01:27 . Memory (MB): peak = 1927.879 ; gain = 992.508 ; free physical = 6524 ; free virtual = 26510
Finished IO Insertion : Time (s): cpu = 00:01:27 ; elapsed = 00:01:27 . Memory (MB): peak = 1927.883 ; gain = 992.512 ; free physical = 6524 ; free virtual = 26510
Finished Renaming Generated Instances : Time (s): cpu = 00:01:27 ; elapsed = 00:01:27 . Memory (MB): peak = 1927.883 ; gain = 992.512 ; free physical = 6524 ; free virtual = 26510
Finished Rebuilding User Hierarchy : Time (s): cpu = 00:01:27 ; elapsed = 00:01:28 . Memory (MB): peak = 1927.883 ; gain = 992.512 ; free physical = 6524 ; free virtual = 26510
Finished Renaming Generated Ports : Time (s): cpu = 00:01:27 ; elapsed = 00:01:28 . Memory (MB): peak = 1927.883 ; gain = 992.512 ; free physical = 6524 ; free virtual = 26510
Finished Handling Custom Attributes : Time (s): cpu = 00:01:27 ; elapsed = 00:01:28 . Memory (MB): peak = 1927.883 ; gain = 992.512 ; free physical = 6524 ; free virtual = 26510
Finished Renaming Generated Nets : Time (s): cpu = 00:01:27 ; elapsed = 00:01:28 . Memory (MB): peak = 1927.883 ; gain = 992.512 ; free physical = 6524 ; free virtual = 26510

Report Cell Usage: 
+------+-----------+------+
|      |Cell       |Count |
+------+-----------+------+
|1     |LUT1       |     1|
|2     |LUT2       |     1|
|3     |LUT3       |     1|
|4     |LUT4       |    11|
|5     |LUT5       |    58|
|6     |LUT6       |    54|
|7     |RAMB18E2   |     1|
|8     |RAMB36E2   |     1|
|9     |RAMB36E2_1 |     1|
|10    |RAMB36E2_2 |     1|
|11    |RAMB36E2_3 |     1|
|12    |RAMB36E2_4 |     1|
|13    |RAMB36E2_5 |     1|
|14    |RAMB36E2_6 |     1|
|15    |RAMB36E2_7 |    27|
|16    |RAMB36E2_8 |     1|
|17    |RAMB36E2_9 |     1|
|18    |FDRE       |     8|
+------+-----------+------+
Finished Writing Synthesis Report : Time (s): cpu = 00:01:27 ; elapsed = 00:01:28 . Memory (MB): peak = 1927.883 ; gain = 992.512 ; free physical = 6524 ; free virtual = 26510
synth_design: Time (s): cpu = 00:01:26 ; elapsed = 00:01:27 . Memory (MB): peak = 1950.398 ; gain = 897.516 ; free physical = 6501 ; free virtual = 26488
