
*** Running vivado
    with args -log design_1_floating_point_0_2.vds -m64 -product Vivado -mode batch -messageDb vivado.pb -notrace -source design_1_floating_point_0_2.tcl


****** Vivado v2016.4 (64-bit)
  **** SW Build 1756540 on Mon Jan 23 19:11:19 MST 2017
  **** IP Build 1755317 on Mon Jan 23 20:30:07 MST 2017
    ** Copyright 1986-2016 Xilinx, Inc. All Rights Reserved.

source design_1_floating_point_0_2.tcl -notrace
Starting RTL Elaboration : Time (s): cpu = 00:00:06 ; elapsed = 00:00:06 . Memory (MB): peak = 1172.352 ; gain = 236.980 ; free physical = 9511 ; free virtual = 28021
INFO: [Synth 8-638] synthesizing module 'design_1_floating_point_0_2' [/home/yamaguchi/CPU-Emperor/Emperor-core/Emperor-core.srcs/sources_1/bd/design_1/ip/design_1_floating_point_0_2/synth/design_1_floating_point_0_2.vhd:72]
INFO: [Synth 8-256] done synthesizing module 'design_1_floating_point_0_2' (16#1) [/home/yamaguchi/CPU-Emperor/Emperor-core/Emperor-core.srcs/sources_1/bd/design_1/ip/design_1_floating_point_0_2/synth/design_1_floating_point_0_2.vhd:72]
Finished RTL Elaboration : Time (s): cpu = 00:00:09 ; elapsed = 00:00:09 . Memory (MB): peak = 1252.824 ; gain = 317.453 ; free physical = 9361 ; free virtual = 27903
Finished RTL Optimization Phase 1 : Time (s): cpu = 00:00:09 ; elapsed = 00:00:09 . Memory (MB): peak = 1252.824 ; gain = 317.453 ; free physical = 9364 ; free virtual = 27903
INFO: [Device 21-403] Loading part xcku040-ffva1156-2-e
Constraint Validation Runtime : Time (s): cpu = 00:00:00.02 ; elapsed = 00:00:00.01 . Memory (MB): peak = 1676.469 ; gain = 0.004 ; free physical = 8816 ; free virtual = 27337
Finished Constraint Validation : Time (s): cpu = 00:00:18 ; elapsed = 00:00:18 . Memory (MB): peak = 1676.469 ; gain = 741.098 ; free physical = 8693 ; free virtual = 27246
Finished Loading Part and Timing Information : Time (s): cpu = 00:00:18 ; elapsed = 00:00:18 . Memory (MB): peak = 1676.469 ; gain = 741.098 ; free physical = 8693 ; free virtual = 27246
Finished applying 'set_property' XDC Constraints : Time (s): cpu = 00:00:18 ; elapsed = 00:00:18 . Memory (MB): peak = 1676.469 ; gain = 741.098 ; free physical = 8693 ; free virtual = 27246
Finished RTL Optimization Phase 2 : Time (s): cpu = 00:00:19 ; elapsed = 00:00:19 . Memory (MB): peak = 1676.469 ; gain = 741.098 ; free physical = 8695 ; free virtual = 27224
Finished Cross Boundary and Area Optimization : Time (s): cpu = 00:00:19 ; elapsed = 00:00:20 . Memory (MB): peak = 1676.473 ; gain = 741.102 ; free physical = 8695 ; free virtual = 27222
Finished Applying XDC Timing Constraints : Time (s): cpu = 00:00:28 ; elapsed = 00:00:28 . Memory (MB): peak = 1846.562 ; gain = 911.191 ; free physical = 9274 ; free virtual = 27964
Finished Timing Optimization : Time (s): cpu = 00:00:28 ; elapsed = 00:00:29 . Memory (MB): peak = 1858.574 ; gain = 923.203 ; free physical = 9253 ; free virtual = 27952
Finished Technology Mapping : Time (s): cpu = 00:00:28 ; elapsed = 00:00:29 . Memory (MB): peak = 1868.590 ; gain = 933.219 ; free physical = 9228 ; free virtual = 27939
Finished IO Insertion : Time (s): cpu = 00:00:28 ; elapsed = 00:00:29 . Memory (MB): peak = 1868.594 ; gain = 933.223 ; free physical = 9221 ; free virtual = 27938
Finished Renaming Generated Instances : Time (s): cpu = 00:00:28 ; elapsed = 00:00:29 . Memory (MB): peak = 1868.594 ; gain = 933.223 ; free physical = 9221 ; free virtual = 27938
Finished Rebuilding User Hierarchy : Time (s): cpu = 00:00:28 ; elapsed = 00:00:29 . Memory (MB): peak = 1868.594 ; gain = 933.223 ; free physical = 9221 ; free virtual = 27938
Finished Renaming Generated Ports : Time (s): cpu = 00:00:28 ; elapsed = 00:00:29 . Memory (MB): peak = 1868.594 ; gain = 933.223 ; free physical = 9221 ; free virtual = 27938
Finished Handling Custom Attributes : Time (s): cpu = 00:00:28 ; elapsed = 00:00:29 . Memory (MB): peak = 1868.594 ; gain = 933.223 ; free physical = 9221 ; free virtual = 27938
Finished Renaming Generated Nets : Time (s): cpu = 00:00:28 ; elapsed = 00:00:29 . Memory (MB): peak = 1868.594 ; gain = 933.223 ; free physical = 9221 ; free virtual = 27938

Report Cell Usage: 
+------+-------+------+
|      |Cell   |Count |
+------+-------+------+
|1     |LUT1   |     2|
|2     |LUT2   |    58|
|3     |LUT3   |    73|
|4     |LUT4   |     9|
|5     |LUT5   |    18|
|6     |LUT6   |    46|
|7     |MUXCY  |    77|
|8     |SRL16E |     2|
|9     |XORCY  |    56|
|10    |FDE    |    16|
|11    |FDRE   |   288|
+------+-------+------+
Finished Writing Synthesis Report : Time (s): cpu = 00:00:28 ; elapsed = 00:00:29 . Memory (MB): peak = 1868.594 ; gain = 933.223 ; free physical = 9221 ; free virtual = 27938
synth_design: Time (s): cpu = 00:00:28 ; elapsed = 00:00:28 . Memory (MB): peak = 1893.594 ; gain = 841.711 ; free physical = 9185 ; free virtual = 27891
