
*** Running vivado
    with args -log design_1_floating_point_5_0.vds -m64 -product Vivado -mode batch -messageDb vivado.pb -notrace -source design_1_floating_point_5_0.tcl


****** Vivado v2016.4 (64-bit)
  **** SW Build 1756540 on Mon Jan 23 19:11:19 MST 2017
  **** IP Build 1755317 on Mon Jan 23 20:30:07 MST 2017
    ** Copyright 1986-2016 Xilinx, Inc. All Rights Reserved.

source design_1_floating_point_5_0.tcl -notrace
Starting RTL Elaboration : Time (s): cpu = 00:00:06 ; elapsed = 00:00:06 . Memory (MB): peak = 1172.359 ; gain = 236.980 ; free physical = 9363 ; free virtual = 28301
INFO: [Synth 8-638] synthesizing module 'design_1_floating_point_5_0' [/home/yamaguchi/CPU-Emperor/Emperor-core/Emperor-core.srcs/sources_1/bd/design_1/ip/design_1_floating_point_5_0/synth/design_1_floating_point_5_0.vhd:72]
INFO: [Synth 8-256] done synthesizing module 'design_1_floating_point_5_0' (15#1) [/home/yamaguchi/CPU-Emperor/Emperor-core/Emperor-core.srcs/sources_1/bd/design_1/ip/design_1_floating_point_5_0/synth/design_1_floating_point_5_0.vhd:72]
Finished RTL Elaboration : Time (s): cpu = 00:00:10 ; elapsed = 00:00:10 . Memory (MB): peak = 1270.832 ; gain = 335.453 ; free physical = 9032 ; free virtual = 27996
Finished RTL Optimization Phase 1 : Time (s): cpu = 00:00:10 ; elapsed = 00:00:10 . Memory (MB): peak = 1270.832 ; gain = 335.453 ; free physical = 9007 ; free virtual = 27977
INFO: [Device 21-403] Loading part xcku040-ffva1156-2-e
Constraint Validation Runtime : Time (s): cpu = 00:00:00.05 ; elapsed = 00:00:00.04 . Memory (MB): peak = 1692.461 ; gain = 1.004 ; free physical = 8339 ; free virtual = 27360
Finished Constraint Validation : Time (s): cpu = 00:00:19 ; elapsed = 00:00:20 . Memory (MB): peak = 1692.461 ; gain = 757.082 ; free physical = 8282 ; free virtual = 27334
Finished Loading Part and Timing Information : Time (s): cpu = 00:00:19 ; elapsed = 00:00:20 . Memory (MB): peak = 1692.461 ; gain = 757.082 ; free physical = 8282 ; free virtual = 27334
Finished applying 'set_property' XDC Constraints : Time (s): cpu = 00:00:19 ; elapsed = 00:00:20 . Memory (MB): peak = 1692.461 ; gain = 757.082 ; free physical = 8282 ; free virtual = 27334
Finished RTL Optimization Phase 2 : Time (s): cpu = 00:00:21 ; elapsed = 00:00:22 . Memory (MB): peak = 1692.461 ; gain = 757.082 ; free physical = 8183 ; free virtual = 27251
Finished Cross Boundary and Area Optimization : Time (s): cpu = 00:00:23 ; elapsed = 00:00:24 . Memory (MB): peak = 1692.465 ; gain = 757.086 ; free physical = 8165 ; free virtual = 27240
Finished Applying XDC Timing Constraints : Time (s): cpu = 00:00:30 ; elapsed = 00:00:31 . Memory (MB): peak = 1848.555 ; gain = 913.176 ; free physical = 8740 ; free virtual = 27840
Finished Timing Optimization : Time (s): cpu = 00:00:30 ; elapsed = 00:00:31 . Memory (MB): peak = 1862.566 ; gain = 927.188 ; free physical = 8725 ; free virtual = 27826
Finished Technology Mapping : Time (s): cpu = 00:00:31 ; elapsed = 00:00:31 . Memory (MB): peak = 1873.582 ; gain = 938.203 ; free physical = 8708 ; free virtual = 27811
Finished IO Insertion : Time (s): cpu = 00:00:31 ; elapsed = 00:00:32 . Memory (MB): peak = 1873.586 ; gain = 938.207 ; free physical = 8700 ; free virtual = 27807
Finished Renaming Generated Instances : Time (s): cpu = 00:00:31 ; elapsed = 00:00:32 . Memory (MB): peak = 1873.586 ; gain = 938.207 ; free physical = 8700 ; free virtual = 27807
Finished Rebuilding User Hierarchy : Time (s): cpu = 00:00:31 ; elapsed = 00:00:32 . Memory (MB): peak = 1873.586 ; gain = 938.207 ; free physical = 8695 ; free virtual = 27806
Finished Renaming Generated Ports : Time (s): cpu = 00:00:31 ; elapsed = 00:00:32 . Memory (MB): peak = 1873.586 ; gain = 938.207 ; free physical = 8695 ; free virtual = 27806
Finished Handling Custom Attributes : Time (s): cpu = 00:00:31 ; elapsed = 00:00:32 . Memory (MB): peak = 1873.586 ; gain = 938.207 ; free physical = 8694 ; free virtual = 27805
Finished Renaming Generated Nets : Time (s): cpu = 00:00:31 ; elapsed = 00:00:32 . Memory (MB): peak = 1873.586 ; gain = 938.207 ; free physical = 8694 ; free virtual = 27805

Report Cell Usage: 
+------+--------+------+
|      |Cell    |Count |
+------+--------+------+
|1     |LUT1    |    39|
|2     |LUT2    |    48|
|3     |LUT3    |   371|
|4     |LUT4    |     7|
|5     |LUT5    |     6|
|6     |LUT6    |     8|
|7     |MUXCY   |   424|
|8     |SRL16E  |    21|
|9     |SRLC32E |    11|
|10    |XORCY   |   448|
|11    |FDRE    |   938|
+------+--------+------+
Finished Writing Synthesis Report : Time (s): cpu = 00:00:31 ; elapsed = 00:00:32 . Memory (MB): peak = 1873.586 ; gain = 938.207 ; free physical = 8694 ; free virtual = 27805
synth_design: Time (s): cpu = 00:00:31 ; elapsed = 00:00:32 . Memory (MB): peak = 1900.586 ; gain = 848.695 ; free physical = 8511 ; free virtual = 27644
