
*** Running vivado
    with args -log design_1_floating_point_2_0.vds -m64 -product Vivado -mode batch -messageDb vivado.pb -notrace -source design_1_floating_point_2_0.tcl


****** Vivado v2016.4 (64-bit)
  **** SW Build 1756540 on Mon Jan 23 19:11:19 MST 2017
  **** IP Build 1755317 on Mon Jan 23 20:30:07 MST 2017
    ** Copyright 1986-2016 Xilinx, Inc. All Rights Reserved.

source design_1_floating_point_2_0.tcl -notrace
Starting RTL Elaboration : Time (s): cpu = 00:00:06 ; elapsed = 00:00:06 . Memory (MB): peak = 1172.355 ; gain = 236.980 ; free physical = 9393 ; free virtual = 28326
INFO: [Synth 8-638] synthesizing module 'design_1_floating_point_2_0' [/home/yamaguchi/CPU-Emperor/Emperor-core/Emperor-core.srcs/sources_1/bd/design_1/ip/design_1_floating_point_2_0/synth/design_1_floating_point_2_0.vhd:72]
INFO: [Synth 8-256] done synthesizing module 'design_1_floating_point_2_0' (13#1) [/home/yamaguchi/CPU-Emperor/Emperor-core/Emperor-core.srcs/sources_1/bd/design_1/ip/design_1_floating_point_2_0/synth/design_1_floating_point_2_0.vhd:72]
Finished RTL Elaboration : Time (s): cpu = 00:00:08 ; elapsed = 00:00:08 . Memory (MB): peak = 1250.828 ; gain = 315.453 ; free physical = 9222 ; free virtual = 28164
Finished RTL Optimization Phase 1 : Time (s): cpu = 00:00:08 ; elapsed = 00:00:08 . Memory (MB): peak = 1250.828 ; gain = 315.453 ; free physical = 9220 ; free virtual = 28164
INFO: [Device 21-403] Loading part xcku040-ffva1156-2-e
Constraint Validation Runtime : Time (s): cpu = 00:00:00.04 ; elapsed = 00:00:00.07 . Memory (MB): peak = 1675.082 ; gain = 0.004 ; free physical = 8598 ; free virtual = 27594
Finished Constraint Validation : Time (s): cpu = 00:00:16 ; elapsed = 00:00:17 . Memory (MB): peak = 1675.082 ; gain = 739.707 ; free physical = 8333 ; free virtual = 27358
Finished Loading Part and Timing Information : Time (s): cpu = 00:00:16 ; elapsed = 00:00:17 . Memory (MB): peak = 1675.082 ; gain = 739.707 ; free physical = 8333 ; free virtual = 27358
Finished applying 'set_property' XDC Constraints : Time (s): cpu = 00:00:16 ; elapsed = 00:00:17 . Memory (MB): peak = 1675.082 ; gain = 739.707 ; free physical = 8333 ; free virtual = 27358
Finished RTL Optimization Phase 2 : Time (s): cpu = 00:00:17 ; elapsed = 00:00:18 . Memory (MB): peak = 1675.082 ; gain = 739.707 ; free physical = 8313 ; free virtual = 27348
Finished Cross Boundary and Area Optimization : Time (s): cpu = 00:00:18 ; elapsed = 00:00:18 . Memory (MB): peak = 1675.086 ; gain = 739.711 ; free physical = 8308 ; free virtual = 27347
Finished Applying XDC Timing Constraints : Time (s): cpu = 00:00:25 ; elapsed = 00:00:25 . Memory (MB): peak = 1846.176 ; gain = 910.801 ; free physical = 8048 ; free virtual = 27129
Finished Timing Optimization : Time (s): cpu = 00:00:25 ; elapsed = 00:00:25 . Memory (MB): peak = 1858.188 ; gain = 922.812 ; free physical = 8036 ; free virtual = 27117
Finished Technology Mapping : Time (s): cpu = 00:00:25 ; elapsed = 00:00:26 . Memory (MB): peak = 1868.203 ; gain = 932.828 ; free physical = 8024 ; free virtual = 27107
Finished IO Insertion : Time (s): cpu = 00:00:25 ; elapsed = 00:00:26 . Memory (MB): peak = 1868.207 ; gain = 932.832 ; free physical = 8020 ; free virtual = 27106
Finished Renaming Generated Instances : Time (s): cpu = 00:00:25 ; elapsed = 00:00:26 . Memory (MB): peak = 1868.207 ; gain = 932.832 ; free physical = 8020 ; free virtual = 27106
Finished Rebuilding User Hierarchy : Time (s): cpu = 00:00:25 ; elapsed = 00:00:26 . Memory (MB): peak = 1868.207 ; gain = 932.832 ; free physical = 8019 ; free virtual = 27106
Finished Renaming Generated Ports : Time (s): cpu = 00:00:25 ; elapsed = 00:00:26 . Memory (MB): peak = 1868.207 ; gain = 932.832 ; free physical = 8019 ; free virtual = 27106
Finished Handling Custom Attributes : Time (s): cpu = 00:00:25 ; elapsed = 00:00:26 . Memory (MB): peak = 1868.207 ; gain = 932.832 ; free physical = 8019 ; free virtual = 27106
Finished Renaming Generated Nets : Time (s): cpu = 00:00:25 ; elapsed = 00:00:26 . Memory (MB): peak = 1868.207 ; gain = 932.832 ; free physical = 8019 ; free virtual = 27106

Report Cell Usage: 
+------+-------+------+
|      |Cell   |Count |
+------+-------+------+
|1     |LUT1   |     3|
|2     |LUT2   |    44|
|3     |LUT3   |    52|
|4     |LUT4   |    16|
|5     |LUT5   |    21|
|6     |LUT6   |    93|
|7     |MUXCY  |    38|
|8     |MUXF7  |     2|
|9     |MUXF8  |     1|
|10    |SRL16E |     4|
|11    |XORCY  |    32|
|12    |FDE    |     6|
|13    |FDRE   |   302|
+------+-------+------+
Finished Writing Synthesis Report : Time (s): cpu = 00:00:25 ; elapsed = 00:00:26 . Memory (MB): peak = 1868.207 ; gain = 932.832 ; free physical = 8019 ; free virtual = 27106
synth_design: Time (s): cpu = 00:00:24 ; elapsed = 00:00:25 . Memory (MB): peak = 1894.207 ; gain = 842.320 ; free physical = 7918 ; free virtual = 27014
