
*** Running vivado
    with args -log design_1_blk_mem_gen_1_0.vds -m64 -product Vivado -mode batch -messageDb vivado.pb -notrace -source design_1_blk_mem_gen_1_0.tcl


****** Vivado v2016.4 (64-bit)
  **** SW Build 1756540 on Mon Jan 23 19:11:19 MST 2017
  **** IP Build 1755317 on Mon Jan 23 20:30:07 MST 2017
    ** Copyright 1986-2016 Xilinx, Inc. All Rights Reserved.

source design_1_blk_mem_gen_1_0.tcl -notrace
Starting RTL Elaboration : Time (s): cpu = 00:00:06 ; elapsed = 00:00:06 . Memory (MB): peak = 1171.359 ; gain = 235.980 ; free physical = 8994 ; free virtual = 28136
INFO: [Synth 8-638] synthesizing module 'design_1_blk_mem_gen_1_0' [/home/yamaguchi/CPU-Emperor/Emperor-core/Emperor-core.srcs/sources_1/bd/design_1/ip/design_1_blk_mem_gen_1_0/synth/design_1_blk_mem_gen_1_0.vhd:70]
INFO: [Synth 8-256] done synthesizing module 'design_1_blk_mem_gen_1_0' (11#1) [/home/yamaguchi/CPU-Emperor/Emperor-core/Emperor-core.srcs/sources_1/bd/design_1/ip/design_1_blk_mem_gen_1_0/synth/design_1_blk_mem_gen_1_0.vhd:70]
Finished RTL Elaboration : Time (s): cpu = 00:04:21 ; elapsed = 00:04:22 . Memory (MB): peak = 2690.770 ; gain = 1755.391 ; free physical = 7739 ; free virtual = 26886
Finished RTL Optimization Phase 1 : Time (s): cpu = 00:04:23 ; elapsed = 00:04:24 . Memory (MB): peak = 2690.770 ; gain = 1755.391 ; free physical = 7738 ; free virtual = 26886
INFO: [Device 21-403] Loading part xcku040-ffva1156-2-e
Constraint Validation Runtime : Time (s): cpu = 00:00:00.28 ; elapsed = 00:00:00.25 . Memory (MB): peak = 2722.781 ; gain = 0.000 ; free physical = 7738 ; free virtual = 26886
Finished Constraint Validation : Time (s): cpu = 00:04:40 ; elapsed = 00:04:40 . Memory (MB): peak = 2722.781 ; gain = 1787.402 ; free physical = 7738 ; free virtual = 26886
Finished Loading Part and Timing Information : Time (s): cpu = 00:04:40 ; elapsed = 00:04:40 . Memory (MB): peak = 2722.781 ; gain = 1787.402 ; free physical = 7738 ; free virtual = 26886
Finished applying 'set_property' XDC Constraints : Time (s): cpu = 00:04:40 ; elapsed = 00:04:40 . Memory (MB): peak = 2722.781 ; gain = 1787.402 ; free physical = 7738 ; free virtual = 26886
Finished RTL Optimization Phase 2 : Time (s): cpu = 00:05:04 ; elapsed = 00:05:05 . Memory (MB): peak = 2766.777 ; gain = 1831.398 ; free physical = 7690 ; free virtual = 26840
Finished Cross Boundary and Area Optimization : Time (s): cpu = 00:05:12 ; elapsed = 00:05:13 . Memory (MB): peak = 2766.785 ; gain = 1831.406 ; free physical = 7691 ; free virtual = 26841
Finished Applying XDC Timing Constraints : Time (s): cpu = 00:05:19 ; elapsed = 00:05:20 . Memory (MB): peak = 2766.785 ; gain = 1831.406 ; free physical = 7690 ; free virtual = 26839
Finished Timing Optimization : Time (s): cpu = 00:05:20 ; elapsed = 00:05:22 . Memory (MB): peak = 2766.785 ; gain = 1831.406 ; free physical = 7690 ; free virtual = 26838
Finished Technology Mapping : Time (s): cpu = 00:05:22 ; elapsed = 00:05:23 . Memory (MB): peak = 2766.785 ; gain = 1831.406 ; free physical = 7690 ; free virtual = 26838
Finished IO Insertion : Time (s): cpu = 00:05:22 ; elapsed = 00:05:24 . Memory (MB): peak = 2766.785 ; gain = 1831.406 ; free physical = 7690 ; free virtual = 26838
Finished Renaming Generated Instances : Time (s): cpu = 00:05:22 ; elapsed = 00:05:24 . Memory (MB): peak = 2766.785 ; gain = 1831.406 ; free physical = 7690 ; free virtual = 26838
Finished Rebuilding User Hierarchy : Time (s): cpu = 00:05:23 ; elapsed = 00:05:24 . Memory (MB): peak = 2766.785 ; gain = 1831.406 ; free physical = 7690 ; free virtual = 26838
Finished Renaming Generated Ports : Time (s): cpu = 00:05:23 ; elapsed = 00:05:24 . Memory (MB): peak = 2766.785 ; gain = 1831.406 ; free physical = 7690 ; free virtual = 26838
Finished Handling Custom Attributes : Time (s): cpu = 00:05:23 ; elapsed = 00:05:25 . Memory (MB): peak = 2766.785 ; gain = 1831.406 ; free physical = 7690 ; free virtual = 26838
Finished Renaming Generated Nets : Time (s): cpu = 00:05:23 ; elapsed = 00:05:25 . Memory (MB): peak = 2766.785 ; gain = 1831.406 ; free physical = 7690 ; free virtual = 26838

Report Cell Usage: 
+------+-----------+------+
|      |Cell       |Count |
+------+-----------+------+
|1     |LUT3       |    33|
|2     |LUT4       |    34|
|3     |LUT5       |   130|
|4     |LUT6       |   850|
|5     |MUXF7      |   356|
|6     |RAMB18E2   |     1|
|7     |RAMB18E2_1 |     1|
|8     |RAMB36E2   |    30|
|9     |RAMB36E2_1 |    30|
|10    |RAMB36E2_2 |     5|
|11    |RAMB36E2_3 |   321|
|12    |RAMB36E2_4 |     2|
|13    |RAMB36E2_5 |     1|
|14    |FDRE       |    40|
+------+-----------+------+
Finished Writing Synthesis Report : Time (s): cpu = 00:05:23 ; elapsed = 00:05:25 . Memory (MB): peak = 2766.785 ; gain = 1831.406 ; free physical = 7690 ; free virtual = 26838
synth_design: Time (s): cpu = 00:05:25 ; elapsed = 00:05:26 . Memory (MB): peak = 2766.785 ; gain = 1714.895 ; free physical = 7693 ; free virtual = 26840
