
*** Running vivado
    with args -log design_1_floating_point_0_1.vds -m64 -product Vivado -mode batch -messageDb vivado.pb -notrace -source design_1_floating_point_0_1.tcl


****** Vivado v2016.4 (64-bit)
  **** SW Build 1756540 on Mon Jan 23 19:11:19 MST 2017
  **** IP Build 1755317 on Mon Jan 23 20:30:07 MST 2017
    ** Copyright 1986-2016 Xilinx, Inc. All Rights Reserved.

source design_1_floating_point_0_1.tcl -notrace
Starting RTL Elaboration : Time (s): cpu = 00:00:07 ; elapsed = 00:00:07 . Memory (MB): peak = 1172.359 ; gain = 236.980 ; free physical = 9205 ; free virtual = 28012
INFO: [Synth 8-638] synthesizing module 'design_1_floating_point_0_1' [/home/yamaguchi/CPU-Emperor/Emperor-core/Emperor-core.srcs/sources_1/bd/design_1/ip/design_1_floating_point_0_1/synth/design_1_floating_point_0_1.vhd:78]
INFO: [Synth 8-256] done synthesizing module 'design_1_floating_point_0_1' (12#1) [/home/yamaguchi/CPU-Emperor/Emperor-core/Emperor-core.srcs/sources_1/bd/design_1/ip/design_1_floating_point_0_1/synth/design_1_floating_point_0_1.vhd:78]
Finished RTL Elaboration : Time (s): cpu = 00:00:09 ; elapsed = 00:00:09 . Memory (MB): peak = 1250.832 ; gain = 315.453 ; free physical = 8953 ; free virtual = 27763
Finished RTL Optimization Phase 1 : Time (s): cpu = 00:00:09 ; elapsed = 00:00:09 . Memory (MB): peak = 1250.832 ; gain = 315.453 ; free physical = 8946 ; free virtual = 27756
INFO: [Device 21-403] Loading part xcku040-ffva1156-2-e
Constraint Validation Runtime : Time (s): cpu = 00:00:00.01 ; elapsed = 00:00:00.02 . Memory (MB): peak = 1671.461 ; gain = 0.004 ; free physical = 8684 ; free virtual = 27519
Finished Constraint Validation : Time (s): cpu = 00:00:17 ; elapsed = 00:00:18 . Memory (MB): peak = 1671.461 ; gain = 736.082 ; free physical = 8633 ; free virtual = 27483
Finished Loading Part and Timing Information : Time (s): cpu = 00:00:17 ; elapsed = 00:00:18 . Memory (MB): peak = 1671.461 ; gain = 736.082 ; free physical = 8633 ; free virtual = 27483
Finished applying 'set_property' XDC Constraints : Time (s): cpu = 00:00:17 ; elapsed = 00:00:18 . Memory (MB): peak = 1671.461 ; gain = 736.082 ; free physical = 8633 ; free virtual = 27483
Finished RTL Optimization Phase 2 : Time (s): cpu = 00:00:17 ; elapsed = 00:00:18 . Memory (MB): peak = 1671.461 ; gain = 736.082 ; free physical = 8625 ; free virtual = 27476
Finished Cross Boundary and Area Optimization : Time (s): cpu = 00:00:18 ; elapsed = 00:00:18 . Memory (MB): peak = 1671.465 ; gain = 736.086 ; free physical = 8620 ; free virtual = 27473
Finished Applying XDC Timing Constraints : Time (s): cpu = 00:00:25 ; elapsed = 00:00:26 . Memory (MB): peak = 1845.551 ; gain = 910.172 ; free physical = 8184 ; free virtual = 27054
Finished Timing Optimization : Time (s): cpu = 00:00:25 ; elapsed = 00:00:26 . Memory (MB): peak = 1854.566 ; gain = 919.188 ; free physical = 8175 ; free virtual = 27045
Finished Technology Mapping : Time (s): cpu = 00:00:25 ; elapsed = 00:00:26 . Memory (MB): peak = 1865.590 ; gain = 930.211 ; free physical = 8165 ; free virtual = 27035
Finished IO Insertion : Time (s): cpu = 00:00:25 ; elapsed = 00:00:26 . Memory (MB): peak = 1865.594 ; gain = 930.215 ; free physical = 8163 ; free virtual = 27034
Finished Renaming Generated Instances : Time (s): cpu = 00:00:25 ; elapsed = 00:00:26 . Memory (MB): peak = 1865.594 ; gain = 930.215 ; free physical = 8163 ; free virtual = 27034
Finished Rebuilding User Hierarchy : Time (s): cpu = 00:00:25 ; elapsed = 00:00:26 . Memory (MB): peak = 1865.594 ; gain = 930.215 ; free physical = 8163 ; free virtual = 27034
Finished Renaming Generated Ports : Time (s): cpu = 00:00:25 ; elapsed = 00:00:26 . Memory (MB): peak = 1865.594 ; gain = 930.215 ; free physical = 8163 ; free virtual = 27034
Finished Handling Custom Attributes : Time (s): cpu = 00:00:25 ; elapsed = 00:00:26 . Memory (MB): peak = 1865.594 ; gain = 930.215 ; free physical = 8162 ; free virtual = 27034
Finished Renaming Generated Nets : Time (s): cpu = 00:00:25 ; elapsed = 00:00:26 . Memory (MB): peak = 1865.594 ; gain = 930.215 ; free physical = 8162 ; free virtual = 27034

Report Cell Usage: 
+------+------+------+
|      |Cell  |Count |
+------+------+------+
|1     |LUT1  |     1|
|2     |LUT2  |     9|
|3     |LUT3  |    70|
|4     |LUT4  |    38|
|5     |LUT5  |     8|
|6     |LUT6  |    24|
|7     |MUXCY |    42|
|8     |FDE   |     5|
|9     |FDRE  |   152|
+------+------+------+
Finished Writing Synthesis Report : Time (s): cpu = 00:00:25 ; elapsed = 00:00:26 . Memory (MB): peak = 1865.594 ; gain = 930.215 ; free physical = 8162 ; free virtual = 27034
synth_design: Time (s): cpu = 00:00:24 ; elapsed = 00:00:25 . Memory (MB): peak = 1892.227 ; gain = 840.336 ; free physical = 8101 ; free virtual = 26979
