
*** Running vivado
    with args -log design_1_blk_mem_gen_0_0.vds -m64 -product Vivado -mode batch -messageDb vivado.pb -notrace -source design_1_blk_mem_gen_0_0.tcl


****** Vivado v2016.4 (64-bit)
  **** SW Build 1756540 on Mon Jan 23 19:11:19 MST 2017
  **** IP Build 1755317 on Mon Jan 23 20:30:07 MST 2017
    ** Copyright 1986-2016 Xilinx, Inc. All Rights Reserved.

source design_1_blk_mem_gen_0_0.tcl -notrace
Starting RTL Elaboration : Time (s): cpu = 00:00:06 ; elapsed = 00:00:06 . Memory (MB): peak = 1174.355 ; gain = 238.980 ; free physical = 8481 ; free virtual = 28395
INFO: [Synth 8-638] synthesizing module 'design_1_blk_mem_gen_0_0' [/home/yamaguchi/CPU-Emperor/Emperor-core/Emperor-core.srcs/sources_1/bd/design_1/ip/design_1_blk_mem_gen_0_0/synth/design_1_blk_mem_gen_0_0.vhd:69]
INFO: [Synth 8-256] done synthesizing module 'design_1_blk_mem_gen_0_0' (11#1) [/home/yamaguchi/CPU-Emperor/Emperor-core/Emperor-core.srcs/sources_1/bd/design_1/ip/design_1_blk_mem_gen_0_0/synth/design_1_blk_mem_gen_0_0.vhd:69]
Finished RTL Elaboration : Time (s): cpu = 00:01:01 ; elapsed = 00:01:01 . Memory (MB): peak = 1387.586 ; gain = 452.211 ; free physical = 8272 ; free virtual = 28177
Finished RTL Optimization Phase 1 : Time (s): cpu = 00:01:01 ; elapsed = 00:01:01 . Memory (MB): peak = 1387.586 ; gain = 452.211 ; free physical = 8272 ; free virtual = 28177
INFO: [Device 21-403] Loading part xcku040-ffva1156-2-e
Constraint Validation Runtime : Time (s): cpu = 00:00:00.03 ; elapsed = 00:00:00.03 . Memory (MB): peak = 1707.035 ; gain = 0.004 ; free physical = 8070 ; free virtual = 27976
Finished Constraint Validation : Time (s): cpu = 00:01:09 ; elapsed = 00:01:09 . Memory (MB): peak = 1707.035 ; gain = 771.660 ; free physical = 8068 ; free virtual = 27974
Finished Loading Part and Timing Information : Time (s): cpu = 00:01:09 ; elapsed = 00:01:09 . Memory (MB): peak = 1707.035 ; gain = 771.660 ; free physical = 8068 ; free virtual = 27974
Finished applying 'set_property' XDC Constraints : Time (s): cpu = 00:01:09 ; elapsed = 00:01:09 . Memory (MB): peak = 1707.035 ; gain = 771.660 ; free physical = 8068 ; free virtual = 27974
Finished RTL Optimization Phase 2 : Time (s): cpu = 00:01:09 ; elapsed = 00:01:10 . Memory (MB): peak = 1707.035 ; gain = 771.660 ; free physical = 8061 ; free virtual = 27967
Finished Cross Boundary and Area Optimization : Time (s): cpu = 00:01:10 ; elapsed = 00:01:10 . Memory (MB): peak = 1707.039 ; gain = 771.664 ; free physical = 8047 ; free virtual = 27953
Finished Applying XDC Timing Constraints : Time (s): cpu = 00:01:16 ; elapsed = 00:01:17 . Memory (MB): peak = 1886.125 ; gain = 950.750 ; free physical = 7809 ; free virtual = 27714
Finished Timing Optimization : Time (s): cpu = 00:01:16 ; elapsed = 00:01:17 . Memory (MB): peak = 1888.125 ; gain = 952.750 ; free physical = 7806 ; free virtual = 27712
Finished Technology Mapping : Time (s): cpu = 00:01:16 ; elapsed = 00:01:17 . Memory (MB): peak = 1915.164 ; gain = 979.789 ; free physical = 7779 ; free virtual = 27685
Finished IO Insertion : Time (s): cpu = 00:01:17 ; elapsed = 00:01:18 . Memory (MB): peak = 1915.168 ; gain = 979.793 ; free physical = 7779 ; free virtual = 27685
Finished Renaming Generated Instances : Time (s): cpu = 00:01:17 ; elapsed = 00:01:18 . Memory (MB): peak = 1915.168 ; gain = 979.793 ; free physical = 7779 ; free virtual = 27685
Finished Rebuilding User Hierarchy : Time (s): cpu = 00:01:17 ; elapsed = 00:01:18 . Memory (MB): peak = 1915.168 ; gain = 979.793 ; free physical = 7779 ; free virtual = 27685
Finished Renaming Generated Ports : Time (s): cpu = 00:01:17 ; elapsed = 00:01:18 . Memory (MB): peak = 1915.168 ; gain = 979.793 ; free physical = 7779 ; free virtual = 27685
Finished Handling Custom Attributes : Time (s): cpu = 00:01:17 ; elapsed = 00:01:18 . Memory (MB): peak = 1915.168 ; gain = 979.793 ; free physical = 7779 ; free virtual = 27685
Finished Renaming Generated Nets : Time (s): cpu = 00:01:17 ; elapsed = 00:01:18 . Memory (MB): peak = 1915.168 ; gain = 979.793 ; free physical = 7779 ; free virtual = 27685

Report Cell Usage: 
+------+-----------+------+
|      |Cell       |Count |
+------+-----------+------+
|1     |LUT3       |     8|
|2     |LUT6       |    54|
|3     |MUXF7      |    27|
|4     |RAMB36E2   |     1|
|5     |RAMB36E2_1 |     1|
|6     |RAMB36E2_2 |     1|
|7     |RAMB36E2_3 |     1|
|8     |RAMB36E2_4 |     1|
|9     |RAMB36E2_5 |     1|
|10    |RAMB36E2_6 |    21|
|11    |RAMB36E2_7 |     1|
|12    |RAMB36E2_8 |     1|
|13    |FDRE       |     6|
+------+-----------+------+
Finished Writing Synthesis Report : Time (s): cpu = 00:01:17 ; elapsed = 00:01:18 . Memory (MB): peak = 1915.168 ; gain = 979.793 ; free physical = 7779 ; free virtual = 27685
synth_design: Time (s): cpu = 00:01:16 ; elapsed = 00:01:17 . Memory (MB): peak = 1938.684 ; gain = 885.797 ; free physical = 7758 ; free virtual = 27664
