
*** Running vivado
    with args -log design_1_floating_point_5_1.vds -m64 -product Vivado -mode batch -messageDb vivado.pb -notrace -source design_1_floating_point_5_1.tcl


****** Vivado v2016.4 (64-bit)
  **** SW Build 1756540 on Mon Jan 23 19:11:19 MST 2017
  **** IP Build 1755317 on Mon Jan 23 20:30:07 MST 2017
    ** Copyright 1986-2016 Xilinx, Inc. All Rights Reserved.

source design_1_floating_point_5_1.tcl -notrace
Starting RTL Elaboration : Time (s): cpu = 00:00:06 ; elapsed = 00:00:06 . Memory (MB): peak = 1172.355 ; gain = 236.980 ; free physical = 10007 ; free virtual = 28483
INFO: [Synth 8-638] synthesizing module 'design_1_floating_point_5_1' [/home/yamaguchi/CPU-Emperor/Emperor-core/Emperor-core.srcs/sources_1/bd/design_1/ip/design_1_floating_point_5_1/synth/design_1_floating_point_5_1.vhd:75]
INFO: [Synth 8-256] done synthesizing module 'design_1_floating_point_5_1' (35#1) [/home/yamaguchi/CPU-Emperor/Emperor-core/Emperor-core.srcs/sources_1/bd/design_1/ip/design_1_floating_point_5_1/synth/design_1_floating_point_5_1.vhd:75]
Finished RTL Elaboration : Time (s): cpu = 00:00:09 ; elapsed = 00:00:10 . Memory (MB): peak = 1261.828 ; gain = 326.453 ; free physical = 9656 ; free virtual = 28134
Finished RTL Optimization Phase 1 : Time (s): cpu = 00:00:10 ; elapsed = 00:00:10 . Memory (MB): peak = 1261.828 ; gain = 326.453 ; free physical = 9635 ; free virtual = 28113
INFO: [Device 21-403] Loading part xcku040-ffva1156-2-e
Constraint Validation Runtime : Time (s): cpu = 00:00:00.05 ; elapsed = 00:00:00.04 . Memory (MB): peak = 1684.074 ; gain = 0.004 ; free physical = 9108 ; free virtual = 27588
Finished Constraint Validation : Time (s): cpu = 00:00:18 ; elapsed = 00:00:19 . Memory (MB): peak = 1684.074 ; gain = 748.699 ; free physical = 9189 ; free virtual = 27669
Finished Loading Part and Timing Information : Time (s): cpu = 00:00:18 ; elapsed = 00:00:19 . Memory (MB): peak = 1684.074 ; gain = 748.699 ; free physical = 9189 ; free virtual = 27669
Finished applying 'set_property' XDC Constraints : Time (s): cpu = 00:00:18 ; elapsed = 00:00:19 . Memory (MB): peak = 1684.074 ; gain = 748.699 ; free physical = 9189 ; free virtual = 27669
Finished RTL Optimization Phase 2 : Time (s): cpu = 00:00:19 ; elapsed = 00:00:20 . Memory (MB): peak = 1684.074 ; gain = 748.699 ; free physical = 9144 ; free virtual = 27623
Finished Cross Boundary and Area Optimization : Time (s): cpu = 00:00:20 ; elapsed = 00:00:21 . Memory (MB): peak = 1684.078 ; gain = 748.703 ; free physical = 9128 ; free virtual = 27608
Finished Applying XDC Timing Constraints : Time (s): cpu = 00:00:27 ; elapsed = 00:00:28 . Memory (MB): peak = 1848.168 ; gain = 912.793 ; free physical = 8831 ; free virtual = 27326
Finished Timing Optimization : Time (s): cpu = 00:00:27 ; elapsed = 00:00:29 . Memory (MB): peak = 1861.180 ; gain = 925.805 ; free physical = 8819 ; free virtual = 27314
Finished Technology Mapping : Time (s): cpu = 00:00:28 ; elapsed = 00:00:29 . Memory (MB): peak = 1872.195 ; gain = 936.820 ; free physical = 8809 ; free virtual = 27303
Finished IO Insertion : Time (s): cpu = 00:00:28 ; elapsed = 00:00:29 . Memory (MB): peak = 1872.199 ; gain = 936.824 ; free physical = 8860 ; free virtual = 27353
Finished Renaming Generated Instances : Time (s): cpu = 00:00:28 ; elapsed = 00:00:29 . Memory (MB): peak = 1872.199 ; gain = 936.824 ; free physical = 8860 ; free virtual = 27353
Finished Rebuilding User Hierarchy : Time (s): cpu = 00:00:28 ; elapsed = 00:00:30 . Memory (MB): peak = 1872.199 ; gain = 936.824 ; free physical = 8860 ; free virtual = 27353
Finished Renaming Generated Ports : Time (s): cpu = 00:00:28 ; elapsed = 00:00:30 . Memory (MB): peak = 1872.199 ; gain = 936.824 ; free physical = 8860 ; free virtual = 27353
Finished Handling Custom Attributes : Time (s): cpu = 00:00:28 ; elapsed = 00:00:30 . Memory (MB): peak = 1872.199 ; gain = 936.824 ; free physical = 8859 ; free virtual = 27352
Finished Renaming Generated Nets : Time (s): cpu = 00:00:29 ; elapsed = 00:00:30 . Memory (MB): peak = 1872.199 ; gain = 936.824 ; free physical = 8859 ; free virtual = 27352

Report Cell Usage: 
+------+---------+------+
|      |Cell     |Count |
+------+---------+------+
|1     |LUT1     |     3|
|2     |LUT2     |    39|
|3     |LUT3     |   324|
|4     |LUT4     |   276|
|5     |LUT5     |    13|
|6     |LUT6     |    23|
|7     |MULT_AND |   214|
|8     |MUXCY    |   494|
|9     |SRL16E   |    43|
|10    |XORCY    |   486|
|11    |FDE      |   344|
|12    |FDRE     |   479|
+------+---------+------+
Finished Writing Synthesis Report : Time (s): cpu = 00:00:29 ; elapsed = 00:00:30 . Memory (MB): peak = 1872.199 ; gain = 936.824 ; free physical = 8859 ; free virtual = 27352
synth_design: Time (s): cpu = 00:00:28 ; elapsed = 00:00:29 . Memory (MB): peak = 1900.199 ; gain = 849.312 ; free physical = 8782 ; free virtual = 27278
